Rules useless in parser due to conflicts

   37 expr: expr "!=" expr


State 36 conflicts: 14 shift/reduce
State 37 conflicts: 14 shift/reduce
State 39 conflicts: 14 shift/reduce
State 40 conflicts: 14 shift/reduce
State 41 conflicts: 14 shift/reduce
State 42 conflicts: 14 shift/reduce
State 68 conflicts: 14 shift/reduce
State 69 conflicts: 14 shift/reduce
State 70 conflicts: 14 shift/reduce
State 71 conflicts: 14 shift/reduce, 19 reduce/reduce
State 72 conflicts: 14 shift/reduce
State 73 conflicts: 14 shift/reduce
State 76 conflicts: 14 shift/reduce
State 78 conflicts: 14 shift/reduce
State 79 conflicts: 14 shift/reduce
State 89 conflicts: 14 shift/reduce


Grammar

    0 $accept: library END

    1 library: functions

    2 functions: functions IDENTIFIER paramdecls ':' stmt
    3          | %empty

    4 paramdecls: paramdecl
    5           | %empty

    6 paramdecl: paramdecl ',' IDENTIFIER
    7          | IDENTIFIER

    8 stmt: com_stmt '}'
    9     | "if" '(' expr ')' stmt
   10     | "while" '(' expr ')' stmt
   11     | "return" expr ';'
   12     | var_defs ';'
   13     | expr ';'
   14     | ';'

   15 com_stmt: '{'
   16         | com_stmt stmt

   17 var_defs: "var" var_def1
   18         | var_defs ',' var_def1

   19 var_def1: IDENTIFIER '=' expr
   20         | IDENTIFIER

   21 expr: NUMCONST
   22     | STRINGCONST
   23     | IDENTIFIER
   24     | '(' expr ')'
   25     | expr '[' expr ']'
   26     | expr '(' ')'
   27     | expr '(' expr ')'
   28     | expr '=' expr
   29     | expr '+' expr
   30     | expr '-' expr
   31     | expr "+=" expr
   32     | expr "-=" expr
   33     | expr "||" expr
   34     | expr "&&" expr
   35     | expr "==" expr
   36     | expr "!=" expr
   37     | expr "!=" expr
   38     | '&' expr
   39     | '*' expr
   40     | '-' expr
   41     | '!' expr
   42     | "++" expr
   43     | "--" expr
   44     | expr "++"
   45     | expr "--"
   46     | expr '?' expr ':' expr


Terminals, with rules where they appear

    END (0) 0
    '!' (33) 41
    '&' (38) 38
    '(' (40) 9 10 24 26 27
    ')' (41) 9 10 24 26 27
    '*' (42) 39
    '+' (43) 29
    ',' (44) 6 18
    '-' (45) 30 40
    ':' (58) 2 46
    ';' (59) 11 12 13 14
    '=' (61) 19 28
    '?' (63) 46
    '[' (91) 25
    ']' (93) 25
    '{' (123) 15
    '}' (125) 8
    error (256)
    "return" (258) 11
    "while" (259) 10
    "if" (260) 9
    "var" (261) 17
    IDENTIFIER (262) 2 6 7 19 20 23
    NUMCONST (263) 21
    STRINGCONST (264) 22
    "||" (265) 33
    "&&" (266) 34
    "==" (267) 35
    "!=" (268) 36 37
    "++" (269) 42 44
    "--" (270) 43 45
    "+=" (271) 31
    "-=" (272) 32


Nonterminals, with rules where they appear

    $accept (34)
        on left: 0
    library (35)
        on left: 1
        on right: 0
    functions (36)
        on left: 2 3
        on right: 1 2
    paramdecls (37)
        on left: 4 5
        on right: 2
    paramdecl (38)
        on left: 6 7
        on right: 4 6
    stmt (39)
        on left: 8 9 10 11 12 13 14
        on right: 2 9 10 16
    com_stmt (40)
        on left: 15 16
        on right: 8 16
    var_defs (41)
        on left: 17 18
        on right: 12 18
    var_def1 (42)
        on left: 19 20
        on right: 17 18
    expr (43)
        on left: 21 22 23 24 25 26 27 28 29 30 31 32 33 34 35 36 37 38 39 40 41 42 43 44 45 46
        on right: 9 10 11 13 19 24 25 26 27 28 29 30 31 32 33 34 35 36 37 38 39 40 41 42 43 44 45 46


State 0

    0 $accept: . library END
    1 library: . functions
    2 functions: . functions IDENTIFIER paramdecls ':' stmt
    3          | . %empty

    $default  reduce using rule 3 (functions)

    library    go to state 1
    functions  go to state 2


State 1

    0 $accept: library . END

    END  shift, and go to state 3


State 2

    1 library: functions .  [END]
    2 functions: functions . IDENTIFIER paramdecls ':' stmt

    IDENTIFIER  shift, and go to state 4

    $default  reduce using rule 1 (library)


State 3

    0 $accept: library END .

    $default  accept


State 4

    2 functions: functions IDENTIFIER . paramdecls ':' stmt
    4 paramdecls: . paramdecl
    5           | . %empty  [':']
    6 paramdecl: . paramdecl ',' IDENTIFIER
    7          | . IDENTIFIER

    IDENTIFIER  shift, and go to state 5

    $default  reduce using rule 5 (paramdecls)

    paramdecls  go to state 6
    paramdecl   go to state 7


State 5

    7 paramdecl: IDENTIFIER .

    $default  reduce using rule 7 (paramdecl)


State 6

    2 functions: functions IDENTIFIER paramdecls . ':' stmt

    ':'  shift, and go to state 8


State 7

    4 paramdecls: paramdecl .  [':']
    6 paramdecl: paramdecl . ',' IDENTIFIER

    ','  shift, and go to state 9

    $default  reduce using rule 4 (paramdecls)


State 8

    2 functions: functions IDENTIFIER paramdecls ':' . stmt
    8 stmt: . com_stmt '}'
    9     | . "if" '(' expr ')' stmt
   10     | . "while" '(' expr ')' stmt
   11     | . "return" expr ';'
   12     | . var_defs ';'
   13     | . expr ';'
   14     | . ';'
   15 com_stmt: . '{'
   16         | . com_stmt stmt
   17 var_defs: . "var" var_def1
   18         | . var_defs ',' var_def1
   21 expr: . NUMCONST
   22     | . STRINGCONST
   23     | . IDENTIFIER
   24     | . '(' expr ')'
   25     | . expr '[' expr ']'
   26     | . expr '(' ')'
   27     | . expr '(' expr ')'
   28     | . expr '=' expr
   29     | . expr '+' expr
   30     | . expr '-' expr
   31     | . expr "+=" expr
   32     | . expr "-=" expr
   33     | . expr "||" expr
   34     | . expr "&&" expr
   35     | . expr "==" expr
   36     | . expr "!=" expr
   37     | . expr "!=" expr
   38     | . '&' expr
   39     | . '*' expr
   40     | . '-' expr
   41     | . '!' expr
   42     | . "++" expr
   43     | . "--" expr
   44     | . expr "++"
   45     | . expr "--"
   46     | . expr '?' expr ':' expr

    "return"     shift, and go to state 10
    "while"      shift, and go to state 11
    "if"         shift, and go to state 12
    "var"        shift, and go to state 13
    IDENTIFIER   shift, and go to state 14
    NUMCONST     shift, and go to state 15
    STRINGCONST  shift, and go to state 16
    "++"         shift, and go to state 17
    "--"         shift, and go to state 18
    '('          shift, and go to state 19
    ';'          shift, and go to state 20
    '{'          shift, and go to state 21
    '-'          shift, and go to state 22
    '&'          shift, and go to state 23
    '*'          shift, and go to state 24
    '!'          shift, and go to state 25

    stmt      go to state 26
    com_stmt  go to state 27
    var_defs  go to state 28
    expr      go to state 29


State 9

    6 paramdecl: paramdecl ',' . IDENTIFIER

    IDENTIFIER  shift, and go to state 30


State 10

   11 stmt: "return" . expr ';'
   21 expr: . NUMCONST
   22     | . STRINGCONST
   23     | . IDENTIFIER
   24     | . '(' expr ')'
   25     | . expr '[' expr ']'
   26     | . expr '(' ')'
   27     | . expr '(' expr ')'
   28     | . expr '=' expr
   29     | . expr '+' expr
   30     | . expr '-' expr
   31     | . expr "+=" expr
   32     | . expr "-=" expr
   33     | . expr "||" expr
   34     | . expr "&&" expr
   35     | . expr "==" expr
   36     | . expr "!=" expr
   37     | . expr "!=" expr
   38     | . '&' expr
   39     | . '*' expr
   40     | . '-' expr
   41     | . '!' expr
   42     | . "++" expr
   43     | . "--" expr
   44     | . expr "++"
   45     | . expr "--"
   46     | . expr '?' expr ':' expr

    IDENTIFIER   shift, and go to state 14
    NUMCONST     shift, and go to state 15
    STRINGCONST  shift, and go to state 16
    "++"         shift, and go to state 17
    "--"         shift, and go to state 18
    '('          shift, and go to state 19
    '-'          shift, and go to state 22
    '&'          shift, and go to state 23
    '*'          shift, and go to state 24
    '!'          shift, and go to state 25

    expr  go to state 31


State 11

   10 stmt: "while" . '(' expr ')' stmt

    '('  shift, and go to state 32


State 12

    9 stmt: "if" . '(' expr ')' stmt

    '('  shift, and go to state 33


State 13

   17 var_defs: "var" . var_def1
   19 var_def1: . IDENTIFIER '=' expr
   20         | . IDENTIFIER

    IDENTIFIER  shift, and go to state 34

    var_def1  go to state 35


State 14

   23 expr: IDENTIFIER .

    $default  reduce using rule 23 (expr)


State 15

   21 expr: NUMCONST .

    $default  reduce using rule 21 (expr)


State 16

   22 expr: STRINGCONST .

    $default  reduce using rule 22 (expr)


State 17

   21 expr: . NUMCONST
   22     | . STRINGCONST
   23     | . IDENTIFIER
   24     | . '(' expr ')'
   25     | . expr '[' expr ']'
   26     | . expr '(' ')'
   27     | . expr '(' expr ')'
   28     | . expr '=' expr
   29     | . expr '+' expr
   30     | . expr '-' expr
   31     | . expr "+=" expr
   32     | . expr "-=" expr
   33     | . expr "||" expr
   34     | . expr "&&" expr
   35     | . expr "==" expr
   36     | . expr "!=" expr
   37     | . expr "!=" expr
   38     | . '&' expr
   39     | . '*' expr
   40     | . '-' expr
   41     | . '!' expr
   42     | . "++" expr
   42     | "++" . expr
   43     | . "--" expr
   44     | . expr "++"
   45     | . expr "--"
   46     | . expr '?' expr ':' expr

    IDENTIFIER   shift, and go to state 14
    NUMCONST     shift, and go to state 15
    STRINGCONST  shift, and go to state 16
    "++"         shift, and go to state 17
    "--"         shift, and go to state 18
    '('          shift, and go to state 19
    '-'          shift, and go to state 22
    '&'          shift, and go to state 23
    '*'          shift, and go to state 24
    '!'          shift, and go to state 25

    expr  go to state 36


State 18

   21 expr: . NUMCONST
   22     | . STRINGCONST
   23     | . IDENTIFIER
   24     | . '(' expr ')'
   25     | . expr '[' expr ']'
   26     | . expr '(' ')'
   27     | . expr '(' expr ')'
   28     | . expr '=' expr
   29     | . expr '+' expr
   30     | . expr '-' expr
   31     | . expr "+=" expr
   32     | . expr "-=" expr
   33     | . expr "||" expr
   34     | . expr "&&" expr
   35     | . expr "==" expr
   36     | . expr "!=" expr
   37     | . expr "!=" expr
   38     | . '&' expr
   39     | . '*' expr
   40     | . '-' expr
   41     | . '!' expr
   42     | . "++" expr
   43     | . "--" expr
   43     | "--" . expr
   44     | . expr "++"
   45     | . expr "--"
   46     | . expr '?' expr ':' expr

    IDENTIFIER   shift, and go to state 14
    NUMCONST     shift, and go to state 15
    STRINGCONST  shift, and go to state 16
    "++"         shift, and go to state 17
    "--"         shift, and go to state 18
    '('          shift, and go to state 19
    '-'          shift, and go to state 22
    '&'          shift, and go to state 23
    '*'          shift, and go to state 24
    '!'          shift, and go to state 25

    expr  go to state 37


State 19

   21 expr: . NUMCONST
   22     | . STRINGCONST
   23     | . IDENTIFIER
   24     | . '(' expr ')'
   24     | '(' . expr ')'
   25     | . expr '[' expr ']'
   26     | . expr '(' ')'
   27     | . expr '(' expr ')'
   28     | . expr '=' expr
   29     | . expr '+' expr
   30     | . expr '-' expr
   31     | . expr "+=" expr
   32     | . expr "-=" expr
   33     | . expr "||" expr
   34     | . expr "&&" expr
   35     | . expr "==" expr
   36     | . expr "!=" expr
   37     | . expr "!=" expr
   38     | . '&' expr
   39     | . '*' expr
   40     | . '-' expr
   41     | . '!' expr
   42     | . "++" expr
   43     | . "--" expr
   44     | . expr "++"
   45     | . expr "--"
   46     | . expr '?' expr ':' expr

    IDENTIFIER   shift, and go to state 14
    NUMCONST     shift, and go to state 15
    STRINGCONST  shift, and go to state 16
    "++"         shift, and go to state 17
    "--"         shift, and go to state 18
    '('          shift, and go to state 19
    '-'          shift, and go to state 22
    '&'          shift, and go to state 23
    '*'          shift, and go to state 24
    '!'          shift, and go to state 25

    expr  go to state 38


State 20

   14 stmt: ';' .

    $default  reduce using rule 14 (stmt)


State 21

   15 com_stmt: '{' .

    $default  reduce using rule 15 (com_stmt)


State 22

   21 expr: . NUMCONST
   22     | . STRINGCONST
   23     | . IDENTIFIER
   24     | . '(' expr ')'
   25     | . expr '[' expr ']'
   26     | . expr '(' ')'
   27     | . expr '(' expr ')'
   28     | . expr '=' expr
   29     | . expr '+' expr
   30     | . expr '-' expr
   31     | . expr "+=" expr
   32     | . expr "-=" expr
   33     | . expr "||" expr
   34     | . expr "&&" expr
   35     | . expr "==" expr
   36     | . expr "!=" expr
   37     | . expr "!=" expr
   38     | . '&' expr
   39     | . '*' expr
   40     | . '-' expr
   40     | '-' . expr
   41     | . '!' expr
   42     | . "++" expr
   43     | . "--" expr
   44     | . expr "++"
   45     | . expr "--"
   46     | . expr '?' expr ':' expr

    IDENTIFIER   shift, and go to state 14
    NUMCONST     shift, and go to state 15
    STRINGCONST  shift, and go to state 16
    "++"         shift, and go to state 17
    "--"         shift, and go to state 18
    '('          shift, and go to state 19
    '-'          shift, and go to state 22
    '&'          shift, and go to state 23
    '*'          shift, and go to state 24
    '!'          shift, and go to state 25

    expr  go to state 39


State 23

   21 expr: . NUMCONST
   22     | . STRINGCONST
   23     | . IDENTIFIER
   24     | . '(' expr ')'
   25     | . expr '[' expr ']'
   26     | . expr '(' ')'
   27     | . expr '(' expr ')'
   28     | . expr '=' expr
   29     | . expr '+' expr
   30     | . expr '-' expr
   31     | . expr "+=" expr
   32     | . expr "-=" expr
   33     | . expr "||" expr
   34     | . expr "&&" expr
   35     | . expr "==" expr
   36     | . expr "!=" expr
   37     | . expr "!=" expr
   38     | . '&' expr
   38     | '&' . expr
   39     | . '*' expr
   40     | . '-' expr
   41     | . '!' expr
   42     | . "++" expr
   43     | . "--" expr
   44     | . expr "++"
   45     | . expr "--"
   46     | . expr '?' expr ':' expr

    IDENTIFIER   shift, and go to state 14
    NUMCONST     shift, and go to state 15
    STRINGCONST  shift, and go to state 16
    "++"         shift, and go to state 17
    "--"         shift, and go to state 18
    '('          shift, and go to state 19
    '-'          shift, and go to state 22
    '&'          shift, and go to state 23
    '*'          shift, and go to state 24
    '!'          shift, and go to state 25

    expr  go to state 40


State 24

   21 expr: . NUMCONST
   22     | . STRINGCONST
   23     | . IDENTIFIER
   24     | . '(' expr ')'
   25     | . expr '[' expr ']'
   26     | . expr '(' ')'
   27     | . expr '(' expr ')'
   28     | . expr '=' expr
   29     | . expr '+' expr
   30     | . expr '-' expr
   31     | . expr "+=" expr
   32     | . expr "-=" expr
   33     | . expr "||" expr
   34     | . expr "&&" expr
   35     | . expr "==" expr
   36     | . expr "!=" expr
   37     | . expr "!=" expr
   38     | . '&' expr
   39     | . '*' expr
   39     | '*' . expr
   40     | . '-' expr
   41     | . '!' expr
   42     | . "++" expr
   43     | . "--" expr
   44     | . expr "++"
   45     | . expr "--"
   46     | . expr '?' expr ':' expr

    IDENTIFIER   shift, and go to state 14
    NUMCONST     shift, and go to state 15
    STRINGCONST  shift, and go to state 16
    "++"         shift, and go to state 17
    "--"         shift, and go to state 18
    '('          shift, and go to state 19
    '-'          shift, and go to state 22
    '&'          shift, and go to state 23
    '*'          shift, and go to state 24
    '!'          shift, and go to state 25

    expr  go to state 41


State 25

   21 expr: . NUMCONST
   22     | . STRINGCONST
   23     | . IDENTIFIER
   24     | . '(' expr ')'
   25     | . expr '[' expr ']'
   26     | . expr '(' ')'
   27     | . expr '(' expr ')'
   28     | . expr '=' expr
   29     | . expr '+' expr
   30     | . expr '-' expr
   31     | . expr "+=" expr
   32     | . expr "-=" expr
   33     | . expr "||" expr
   34     | . expr "&&" expr
   35     | . expr "==" expr
   36     | . expr "!=" expr
   37     | . expr "!=" expr
   38     | . '&' expr
   39     | . '*' expr
   40     | . '-' expr
   41     | . '!' expr
   41     | '!' . expr
   42     | . "++" expr
   43     | . "--" expr
   44     | . expr "++"
   45     | . expr "--"
   46     | . expr '?' expr ':' expr

    IDENTIFIER   shift, and go to state 14
    NUMCONST     shift, and go to state 15
    STRINGCONST  shift, and go to state 16
    "++"         shift, and go to state 17
    "--"         shift, and go to state 18
    '('          shift, and go to state 19
    '-'          shift, and go to state 22
    '&'          shift, and go to state 23
    '*'          shift, and go to state 24
    '!'          shift, and go to state 25

    expr  go to state 42


State 26

    2 functions: functions IDENTIFIER paramdecls ':' stmt .

    $default  reduce using rule 2 (functions)


State 27

    8 stmt: . com_stmt '}'
    8     | com_stmt . '}'
    9     | . "if" '(' expr ')' stmt
   10     | . "while" '(' expr ')' stmt
   11     | . "return" expr ';'
   12     | . var_defs ';'
   13     | . expr ';'
   14     | . ';'
   15 com_stmt: . '{'
   16         | . com_stmt stmt
   16         | com_stmt . stmt
   17 var_defs: . "var" var_def1
   18         | . var_defs ',' var_def1
   21 expr: . NUMCONST
   22     | . STRINGCONST
   23     | . IDENTIFIER
   24     | . '(' expr ')'
   25     | . expr '[' expr ']'
   26     | . expr '(' ')'
   27     | . expr '(' expr ')'
   28     | . expr '=' expr
   29     | . expr '+' expr
   30     | . expr '-' expr
   31     | . expr "+=" expr
   32     | . expr "-=" expr
   33     | . expr "||" expr
   34     | . expr "&&" expr
   35     | . expr "==" expr
   36     | . expr "!=" expr
   37     | . expr "!=" expr
   38     | . '&' expr
   39     | . '*' expr
   40     | . '-' expr
   41     | . '!' expr
   42     | . "++" expr
   43     | . "--" expr
   44     | . expr "++"
   45     | . expr "--"
   46     | . expr '?' expr ':' expr

    "return"     shift, and go to state 10
    "while"      shift, and go to state 11
    "if"         shift, and go to state 12
    "var"        shift, and go to state 13
    IDENTIFIER   shift, and go to state 14
    NUMCONST     shift, and go to state 15
    STRINGCONST  shift, and go to state 16
    "++"         shift, and go to state 17
    "--"         shift, and go to state 18
    '}'          shift, and go to state 43
    '('          shift, and go to state 19
    ';'          shift, and go to state 20
    '{'          shift, and go to state 21
    '-'          shift, and go to state 22
    '&'          shift, and go to state 23
    '*'          shift, and go to state 24
    '!'          shift, and go to state 25

    stmt      go to state 44
    com_stmt  go to state 27
    var_defs  go to state 28
    expr      go to state 29


State 28

   12 stmt: var_defs . ';'
   18 var_defs: var_defs . ',' var_def1

    ','  shift, and go to state 45
    ';'  shift, and go to state 46


State 29

   13 stmt: expr . ';'
   25 expr: expr . '[' expr ']'
   26     | expr . '(' ')'
   27     | expr . '(' expr ')'
   28     | expr . '=' expr
   29     | expr . '+' expr
   30     | expr . '-' expr
   31     | expr . "+=" expr
   32     | expr . "-=" expr
   33     | expr . "||" expr
   34     | expr . "&&" expr
   35     | expr . "==" expr
   36     | expr . "!=" expr
   37     | expr . "!=" expr
   44     | expr . "++"
   45     | expr . "--"
   46     | expr . '?' expr ':' expr

    "||"  shift, and go to state 47
    "&&"  shift, and go to state 48
    "=="  shift, and go to state 49
    "!="  shift, and go to state 50
    "++"  shift, and go to state 51
    "--"  shift, and go to state 52
    "+="  shift, and go to state 53
    "-="  shift, and go to state 54
    '('   shift, and go to state 55
    ';'   shift, and go to state 56
    '='   shift, and go to state 57
    '['   shift, and go to state 58
    '+'   shift, and go to state 59
    '-'   shift, and go to state 60
    '?'   shift, and go to state 61


State 30

    6 paramdecl: paramdecl ',' IDENTIFIER .

    $default  reduce using rule 6 (paramdecl)


State 31

   11 stmt: "return" expr . ';'
   25 expr: expr . '[' expr ']'
   26     | expr . '(' ')'
   27     | expr . '(' expr ')'
   28     | expr . '=' expr
   29     | expr . '+' expr
   30     | expr . '-' expr
   31     | expr . "+=" expr
   32     | expr . "-=" expr
   33     | expr . "||" expr
   34     | expr . "&&" expr
   35     | expr . "==" expr
   36     | expr . "!=" expr
   37     | expr . "!=" expr
   44     | expr . "++"
   45     | expr . "--"
   46     | expr . '?' expr ':' expr

    "||"  shift, and go to state 47
    "&&"  shift, and go to state 48
    "=="  shift, and go to state 49
    "!="  shift, and go to state 50
    "++"  shift, and go to state 51
    "--"  shift, and go to state 52
    "+="  shift, and go to state 53
    "-="  shift, and go to state 54
    '('   shift, and go to state 55
    ';'   shift, and go to state 62
    '='   shift, and go to state 57
    '['   shift, and go to state 58
    '+'   shift, and go to state 59
    '-'   shift, and go to state 60
    '?'   shift, and go to state 61


State 32

   10 stmt: "while" '(' . expr ')' stmt
   21 expr: . NUMCONST
   22     | . STRINGCONST
   23     | . IDENTIFIER
   24     | . '(' expr ')'
   25     | . expr '[' expr ']'
   26     | . expr '(' ')'
   27     | . expr '(' expr ')'
   28     | . expr '=' expr
   29     | . expr '+' expr
   30     | . expr '-' expr
   31     | . expr "+=" expr
   32     | . expr "-=" expr
   33     | . expr "||" expr
   34     | . expr "&&" expr
   35     | . expr "==" expr
   36     | . expr "!=" expr
   37     | . expr "!=" expr
   38     | . '&' expr
   39     | . '*' expr
   40     | . '-' expr
   41     | . '!' expr
   42     | . "++" expr
   43     | . "--" expr
   44     | . expr "++"
   45     | . expr "--"
   46     | . expr '?' expr ':' expr

    IDENTIFIER   shift, and go to state 14
    NUMCONST     shift, and go to state 15
    STRINGCONST  shift, and go to state 16
    "++"         shift, and go to state 17
    "--"         shift, and go to state 18
    '('          shift, and go to state 19
    '-'          shift, and go to state 22
    '&'          shift, and go to state 23
    '*'          shift, and go to state 24
    '!'          shift, and go to state 25

    expr  go to state 63


State 33

    9 stmt: "if" '(' . expr ')' stmt
   21 expr: . NUMCONST
   22     | . STRINGCONST
   23     | . IDENTIFIER
   24     | . '(' expr ')'
   25     | . expr '[' expr ']'
   26     | . expr '(' ')'
   27     | . expr '(' expr ')'
   28     | . expr '=' expr
   29     | . expr '+' expr
   30     | . expr '-' expr
   31     | . expr "+=" expr
   32     | . expr "-=" expr
   33     | . expr "||" expr
   34     | . expr "&&" expr
   35     | . expr "==" expr
   36     | . expr "!=" expr
   37     | . expr "!=" expr
   38     | . '&' expr
   39     | . '*' expr
   40     | . '-' expr
   41     | . '!' expr
   42     | . "++" expr
   43     | . "--" expr
   44     | . expr "++"
   45     | . expr "--"
   46     | . expr '?' expr ':' expr

    IDENTIFIER   shift, and go to state 14
    NUMCONST     shift, and go to state 15
    STRINGCONST  shift, and go to state 16
    "++"         shift, and go to state 17
    "--"         shift, and go to state 18
    '('          shift, and go to state 19
    '-'          shift, and go to state 22
    '&'          shift, and go to state 23
    '*'          shift, and go to state 24
    '!'          shift, and go to state 25

    expr  go to state 64


State 34

   19 var_def1: IDENTIFIER . '=' expr
   20         | IDENTIFIER .  [',', ';']

    '='  shift, and go to state 65

    $default  reduce using rule 20 (var_def1)


State 35

   17 var_defs: "var" var_def1 .

    $default  reduce using rule 17 (var_defs)


State 36

   25 expr: expr . '[' expr ']'
   26     | expr . '(' ')'
   27     | expr . '(' expr ')'
   28     | expr . '=' expr
   29     | expr . '+' expr
   30     | expr . '-' expr
   31     | expr . "+=" expr
   32     | expr . "-=" expr
   33     | expr . "||" expr
   34     | expr . "&&" expr
   35     | expr . "==" expr
   36     | expr . "!=" expr
   37     | expr . "!=" expr
   42     | "++" expr .  ["||", "&&", "==", "!=", "++", "--", "+=", "-=", ':', ',', '(', ')', ';', '=', '[', ']', '+', '-', '?']
   44     | expr . "++"
   45     | expr . "--"
   46     | expr . '?' expr ':' expr

    "||"  shift, and go to state 47
    "&&"  shift, and go to state 48
    "=="  shift, and go to state 49
    "!="  shift, and go to state 50
    "++"  shift, and go to state 51
    "--"  shift, and go to state 52
    "+="  shift, and go to state 53
    "-="  shift, and go to state 54
    '('   shift, and go to state 55
    '='   shift, and go to state 57
    '['   shift, and go to state 58
    '+'   shift, and go to state 59
    '-'   shift, and go to state 60
    '?'   shift, and go to state 61

    "||"      [reduce using rule 42 (expr)]
    "&&"      [reduce using rule 42 (expr)]
    "=="      [reduce using rule 42 (expr)]
    "!="      [reduce using rule 42 (expr)]
    "++"      [reduce using rule 42 (expr)]
    "--"      [reduce using rule 42 (expr)]
    "+="      [reduce using rule 42 (expr)]
    "-="      [reduce using rule 42 (expr)]
    '('       [reduce using rule 42 (expr)]
    '='       [reduce using rule 42 (expr)]
    '['       [reduce using rule 42 (expr)]
    '+'       [reduce using rule 42 (expr)]
    '-'       [reduce using rule 42 (expr)]
    '?'       [reduce using rule 42 (expr)]
    $default  reduce using rule 42 (expr)


State 37

   25 expr: expr . '[' expr ']'
   26     | expr . '(' ')'
   27     | expr . '(' expr ')'
   28     | expr . '=' expr
   29     | expr . '+' expr
   30     | expr . '-' expr
   31     | expr . "+=" expr
   32     | expr . "-=" expr
   33     | expr . "||" expr
   34     | expr . "&&" expr
   35     | expr . "==" expr
   36     | expr . "!=" expr
   37     | expr . "!=" expr
   43     | "--" expr .  ["||", "&&", "==", "!=", "++", "--", "+=", "-=", ':', ',', '(', ')', ';', '=', '[', ']', '+', '-', '?']
   44     | expr . "++"
   45     | expr . "--"
   46     | expr . '?' expr ':' expr

    "||"  shift, and go to state 47
    "&&"  shift, and go to state 48
    "=="  shift, and go to state 49
    "!="  shift, and go to state 50
    "++"  shift, and go to state 51
    "--"  shift, and go to state 52
    "+="  shift, and go to state 53
    "-="  shift, and go to state 54
    '('   shift, and go to state 55
    '='   shift, and go to state 57
    '['   shift, and go to state 58
    '+'   shift, and go to state 59
    '-'   shift, and go to state 60
    '?'   shift, and go to state 61

    "||"      [reduce using rule 43 (expr)]
    "&&"      [reduce using rule 43 (expr)]
    "=="      [reduce using rule 43 (expr)]
    "!="      [reduce using rule 43 (expr)]
    "++"      [reduce using rule 43 (expr)]
    "--"      [reduce using rule 43 (expr)]
    "+="      [reduce using rule 43 (expr)]
    "-="      [reduce using rule 43 (expr)]
    '('       [reduce using rule 43 (expr)]
    '='       [reduce using rule 43 (expr)]
    '['       [reduce using rule 43 (expr)]
    '+'       [reduce using rule 43 (expr)]
    '-'       [reduce using rule 43 (expr)]
    '?'       [reduce using rule 43 (expr)]
    $default  reduce using rule 43 (expr)


State 38

   24 expr: '(' expr . ')'
   25     | expr . '[' expr ']'
   26     | expr . '(' ')'
   27     | expr . '(' expr ')'
   28     | expr . '=' expr
   29     | expr . '+' expr
   30     | expr . '-' expr
   31     | expr . "+=" expr
   32     | expr . "-=" expr
   33     | expr . "||" expr
   34     | expr . "&&" expr
   35     | expr . "==" expr
   36     | expr . "!=" expr
   37     | expr . "!=" expr
   44     | expr . "++"
   45     | expr . "--"
   46     | expr . '?' expr ':' expr

    "||"  shift, and go to state 47
    "&&"  shift, and go to state 48
    "=="  shift, and go to state 49
    "!="  shift, and go to state 50
    "++"  shift, and go to state 51
    "--"  shift, and go to state 52
    "+="  shift, and go to state 53
    "-="  shift, and go to state 54
    '('   shift, and go to state 55
    ')'   shift, and go to state 66
    '='   shift, and go to state 57
    '['   shift, and go to state 58
    '+'   shift, and go to state 59
    '-'   shift, and go to state 60
    '?'   shift, and go to state 61


State 39

   25 expr: expr . '[' expr ']'
   26     | expr . '(' ')'
   27     | expr . '(' expr ')'
   28     | expr . '=' expr
   29     | expr . '+' expr
   30     | expr . '-' expr
   31     | expr . "+=" expr
   32     | expr . "-=" expr
   33     | expr . "||" expr
   34     | expr . "&&" expr
   35     | expr . "==" expr
   36     | expr . "!=" expr
   37     | expr . "!=" expr
   40     | '-' expr .  ["||", "&&", "==", "!=", "++", "--", "+=", "-=", ':', ',', '(', ')', ';', '=', '[', ']', '+', '-', '?']
   44     | expr . "++"
   45     | expr . "--"
   46     | expr . '?' expr ':' expr

    "||"  shift, and go to state 47
    "&&"  shift, and go to state 48
    "=="  shift, and go to state 49
    "!="  shift, and go to state 50
    "++"  shift, and go to state 51
    "--"  shift, and go to state 52
    "+="  shift, and go to state 53
    "-="  shift, and go to state 54
    '('   shift, and go to state 55
    '='   shift, and go to state 57
    '['   shift, and go to state 58
    '+'   shift, and go to state 59
    '-'   shift, and go to state 60
    '?'   shift, and go to state 61

    "||"      [reduce using rule 40 (expr)]
    "&&"      [reduce using rule 40 (expr)]
    "=="      [reduce using rule 40 (expr)]
    "!="      [reduce using rule 40 (expr)]
    "++"      [reduce using rule 40 (expr)]
    "--"      [reduce using rule 40 (expr)]
    "+="      [reduce using rule 40 (expr)]
    "-="      [reduce using rule 40 (expr)]
    '('       [reduce using rule 40 (expr)]
    '='       [reduce using rule 40 (expr)]
    '['       [reduce using rule 40 (expr)]
    '+'       [reduce using rule 40 (expr)]
    '-'       [reduce using rule 40 (expr)]
    '?'       [reduce using rule 40 (expr)]
    $default  reduce using rule 40 (expr)


State 40

   25 expr: expr . '[' expr ']'
   26     | expr . '(' ')'
   27     | expr . '(' expr ')'
   28     | expr . '=' expr
   29     | expr . '+' expr
   30     | expr . '-' expr
   31     | expr . "+=" expr
   32     | expr . "-=" expr
   33     | expr . "||" expr
   34     | expr . "&&" expr
   35     | expr . "==" expr
   36     | expr . "!=" expr
   37     | expr . "!=" expr
   38     | '&' expr .  ["||", "&&", "==", "!=", "++", "--", "+=", "-=", ':', ',', '(', ')', ';', '=', '[', ']', '+', '-', '?']
   44     | expr . "++"
   45     | expr . "--"
   46     | expr . '?' expr ':' expr

    "||"  shift, and go to state 47
    "&&"  shift, and go to state 48
    "=="  shift, and go to state 49
    "!="  shift, and go to state 50
    "++"  shift, and go to state 51
    "--"  shift, and go to state 52
    "+="  shift, and go to state 53
    "-="  shift, and go to state 54
    '('   shift, and go to state 55
    '='   shift, and go to state 57
    '['   shift, and go to state 58
    '+'   shift, and go to state 59
    '-'   shift, and go to state 60
    '?'   shift, and go to state 61

    "||"      [reduce using rule 38 (expr)]
    "&&"      [reduce using rule 38 (expr)]
    "=="      [reduce using rule 38 (expr)]
    "!="      [reduce using rule 38 (expr)]
    "++"      [reduce using rule 38 (expr)]
    "--"      [reduce using rule 38 (expr)]
    "+="      [reduce using rule 38 (expr)]
    "-="      [reduce using rule 38 (expr)]
    '('       [reduce using rule 38 (expr)]
    '='       [reduce using rule 38 (expr)]
    '['       [reduce using rule 38 (expr)]
    '+'       [reduce using rule 38 (expr)]
    '-'       [reduce using rule 38 (expr)]
    '?'       [reduce using rule 38 (expr)]
    $default  reduce using rule 38 (expr)


State 41

   25 expr: expr . '[' expr ']'
   26     | expr . '(' ')'
   27     | expr . '(' expr ')'
   28     | expr . '=' expr
   29     | expr . '+' expr
   30     | expr . '-' expr
   31     | expr . "+=" expr
   32     | expr . "-=" expr
   33     | expr . "||" expr
   34     | expr . "&&" expr
   35     | expr . "==" expr
   36     | expr . "!=" expr
   37     | expr . "!=" expr
   39     | '*' expr .  ["||", "&&", "==", "!=", "++", "--", "+=", "-=", ':', ',', '(', ')', ';', '=', '[', ']', '+', '-', '?']
   44     | expr . "++"
   45     | expr . "--"
   46     | expr . '?' expr ':' expr

    "||"  shift, and go to state 47
    "&&"  shift, and go to state 48
    "=="  shift, and go to state 49
    "!="  shift, and go to state 50
    "++"  shift, and go to state 51
    "--"  shift, and go to state 52
    "+="  shift, and go to state 53
    "-="  shift, and go to state 54
    '('   shift, and go to state 55
    '='   shift, and go to state 57
    '['   shift, and go to state 58
    '+'   shift, and go to state 59
    '-'   shift, and go to state 60
    '?'   shift, and go to state 61

    "||"      [reduce using rule 39 (expr)]
    "&&"      [reduce using rule 39 (expr)]
    "=="      [reduce using rule 39 (expr)]
    "!="      [reduce using rule 39 (expr)]
    "++"      [reduce using rule 39 (expr)]
    "--"      [reduce using rule 39 (expr)]
    "+="      [reduce using rule 39 (expr)]
    "-="      [reduce using rule 39 (expr)]
    '('       [reduce using rule 39 (expr)]
    '='       [reduce using rule 39 (expr)]
    '['       [reduce using rule 39 (expr)]
    '+'       [reduce using rule 39 (expr)]
    '-'       [reduce using rule 39 (expr)]
    '?'       [reduce using rule 39 (expr)]
    $default  reduce using rule 39 (expr)


State 42

   25 expr: expr . '[' expr ']'
   26     | expr . '(' ')'
   27     | expr . '(' expr ')'
   28     | expr . '=' expr
   29     | expr . '+' expr
   30     | expr . '-' expr
   31     | expr . "+=" expr
   32     | expr . "-=" expr
   33     | expr . "||" expr
   34     | expr . "&&" expr
   35     | expr . "==" expr
   36     | expr . "!=" expr
   37     | expr . "!=" expr
   41     | '!' expr .  ["||", "&&", "==", "!=", "++", "--", "+=", "-=", ':', ',', '(', ')', ';', '=', '[', ']', '+', '-', '?']
   44     | expr . "++"
   45     | expr . "--"
   46     | expr . '?' expr ':' expr

    "||"  shift, and go to state 47
    "&&"  shift, and go to state 48
    "=="  shift, and go to state 49
    "!="  shift, and go to state 50
    "++"  shift, and go to state 51
    "--"  shift, and go to state 52
    "+="  shift, and go to state 53
    "-="  shift, and go to state 54
    '('   shift, and go to state 55
    '='   shift, and go to state 57
    '['   shift, and go to state 58
    '+'   shift, and go to state 59
    '-'   shift, and go to state 60
    '?'   shift, and go to state 61

    "||"      [reduce using rule 41 (expr)]
    "&&"      [reduce using rule 41 (expr)]
    "=="      [reduce using rule 41 (expr)]
    "!="      [reduce using rule 41 (expr)]
    "++"      [reduce using rule 41 (expr)]
    "--"      [reduce using rule 41 (expr)]
    "+="      [reduce using rule 41 (expr)]
    "-="      [reduce using rule 41 (expr)]
    '('       [reduce using rule 41 (expr)]
    '='       [reduce using rule 41 (expr)]
    '['       [reduce using rule 41 (expr)]
    '+'       [reduce using rule 41 (expr)]
    '-'       [reduce using rule 41 (expr)]
    '?'       [reduce using rule 41 (expr)]
    $default  reduce using rule 41 (expr)


State 43

    8 stmt: com_stmt '}' .

    $default  reduce using rule 8 (stmt)


State 44

   16 com_stmt: com_stmt stmt .

    $default  reduce using rule 16 (com_stmt)


State 45

   18 var_defs: var_defs ',' . var_def1
   19 var_def1: . IDENTIFIER '=' expr
   20         | . IDENTIFIER

    IDENTIFIER  shift, and go to state 34

    var_def1  go to state 67


State 46

   12 stmt: var_defs ';' .

    $default  reduce using rule 12 (stmt)


State 47

   21 expr: . NUMCONST
   22     | . STRINGCONST
   23     | . IDENTIFIER
   24     | . '(' expr ')'
   25     | . expr '[' expr ']'
   26     | . expr '(' ')'
   27     | . expr '(' expr ')'
   28     | . expr '=' expr
   29     | . expr '+' expr
   30     | . expr '-' expr
   31     | . expr "+=" expr
   32     | . expr "-=" expr
   33     | . expr "||" expr
   33     | expr "||" . expr
   34     | . expr "&&" expr
   35     | . expr "==" expr
   36     | . expr "!=" expr
   37     | . expr "!=" expr
   38     | . '&' expr
   39     | . '*' expr
   40     | . '-' expr
   41     | . '!' expr
   42     | . "++" expr
   43     | . "--" expr
   44     | . expr "++"
   45     | . expr "--"
   46     | . expr '?' expr ':' expr

    IDENTIFIER   shift, and go to state 14
    NUMCONST     shift, and go to state 15
    STRINGCONST  shift, and go to state 16
    "++"         shift, and go to state 17
    "--"         shift, and go to state 18
    '('          shift, and go to state 19
    '-'          shift, and go to state 22
    '&'          shift, and go to state 23
    '*'          shift, and go to state 24
    '!'          shift, and go to state 25

    expr  go to state 68


State 48

   21 expr: . NUMCONST
   22     | . STRINGCONST
   23     | . IDENTIFIER
   24     | . '(' expr ')'
   25     | . expr '[' expr ']'
   26     | . expr '(' ')'
   27     | . expr '(' expr ')'
   28     | . expr '=' expr
   29     | . expr '+' expr
   30     | . expr '-' expr
   31     | . expr "+=" expr
   32     | . expr "-=" expr
   33     | . expr "||" expr
   34     | . expr "&&" expr
   34     | expr "&&" . expr
   35     | . expr "==" expr
   36     | . expr "!=" expr
   37     | . expr "!=" expr
   38     | . '&' expr
   39     | . '*' expr
   40     | . '-' expr
   41     | . '!' expr
   42     | . "++" expr
   43     | . "--" expr
   44     | . expr "++"
   45     | . expr "--"
   46     | . expr '?' expr ':' expr

    IDENTIFIER   shift, and go to state 14
    NUMCONST     shift, and go to state 15
    STRINGCONST  shift, and go to state 16
    "++"         shift, and go to state 17
    "--"         shift, and go to state 18
    '('          shift, and go to state 19
    '-'          shift, and go to state 22
    '&'          shift, and go to state 23
    '*'          shift, and go to state 24
    '!'          shift, and go to state 25

    expr  go to state 69


State 49

   21 expr: . NUMCONST
   22     | . STRINGCONST
   23     | . IDENTIFIER
   24     | . '(' expr ')'
   25     | . expr '[' expr ']'
   26     | . expr '(' ')'
   27     | . expr '(' expr ')'
   28     | . expr '=' expr
   29     | . expr '+' expr
   30     | . expr '-' expr
   31     | . expr "+=" expr
   32     | . expr "-=" expr
   33     | . expr "||" expr
   34     | . expr "&&" expr
   35     | . expr "==" expr
   35     | expr "==" . expr
   36     | . expr "!=" expr
   37     | . expr "!=" expr
   38     | . '&' expr
   39     | . '*' expr
   40     | . '-' expr
   41     | . '!' expr
   42     | . "++" expr
   43     | . "--" expr
   44     | . expr "++"
   45     | . expr "--"
   46     | . expr '?' expr ':' expr

    IDENTIFIER   shift, and go to state 14
    NUMCONST     shift, and go to state 15
    STRINGCONST  shift, and go to state 16
    "++"         shift, and go to state 17
    "--"         shift, and go to state 18
    '('          shift, and go to state 19
    '-'          shift, and go to state 22
    '&'          shift, and go to state 23
    '*'          shift, and go to state 24
    '!'          shift, and go to state 25

    expr  go to state 70


State 50

   21 expr: . NUMCONST
   22     | . STRINGCONST
   23     | . IDENTIFIER
   24     | . '(' expr ')'
   25     | . expr '[' expr ']'
   26     | . expr '(' ')'
   27     | . expr '(' expr ')'
   28     | . expr '=' expr
   29     | . expr '+' expr
   30     | . expr '-' expr
   31     | . expr "+=" expr
   32     | . expr "-=" expr
   33     | . expr "||" expr
   34     | . expr "&&" expr
   35     | . expr "==" expr
   36     | . expr "!=" expr
   36     | expr "!=" . expr
   37     | . expr "!=" expr
   37     | expr "!=" . expr
   38     | . '&' expr
   39     | . '*' expr
   40     | . '-' expr
   41     | . '!' expr
   42     | . "++" expr
   43     | . "--" expr
   44     | . expr "++"
   45     | . expr "--"
   46     | . expr '?' expr ':' expr

    IDENTIFIER   shift, and go to state 14
    NUMCONST     shift, and go to state 15
    STRINGCONST  shift, and go to state 16
    "++"         shift, and go to state 17
    "--"         shift, and go to state 18
    '('          shift, and go to state 19
    '-'          shift, and go to state 22
    '&'          shift, and go to state 23
    '*'          shift, and go to state 24
    '!'          shift, and go to state 25

    expr  go to state 71


State 51

   44 expr: expr "++" .

    $default  reduce using rule 44 (expr)


State 52

   45 expr: expr "--" .

    $default  reduce using rule 45 (expr)


State 53

   21 expr: . NUMCONST
   22     | . STRINGCONST
   23     | . IDENTIFIER
   24     | . '(' expr ')'
   25     | . expr '[' expr ']'
   26     | . expr '(' ')'
   27     | . expr '(' expr ')'
   28     | . expr '=' expr
   29     | . expr '+' expr
   30     | . expr '-' expr
   31     | . expr "+=" expr
   31     | expr "+=" . expr
   32     | . expr "-=" expr
   33     | . expr "||" expr
   34     | . expr "&&" expr
   35     | . expr "==" expr
   36     | . expr "!=" expr
   37     | . expr "!=" expr
   38     | . '&' expr
   39     | . '*' expr
   40     | . '-' expr
   41     | . '!' expr
   42     | . "++" expr
   43     | . "--" expr
   44     | . expr "++"
   45     | . expr "--"
   46     | . expr '?' expr ':' expr

    IDENTIFIER   shift, and go to state 14
    NUMCONST     shift, and go to state 15
    STRINGCONST  shift, and go to state 16
    "++"         shift, and go to state 17
    "--"         shift, and go to state 18
    '('          shift, and go to state 19
    '-'          shift, and go to state 22
    '&'          shift, and go to state 23
    '*'          shift, and go to state 24
    '!'          shift, and go to state 25

    expr  go to state 72


State 54

   21 expr: . NUMCONST
   22     | . STRINGCONST
   23     | . IDENTIFIER
   24     | . '(' expr ')'
   25     | . expr '[' expr ']'
   26     | . expr '(' ')'
   27     | . expr '(' expr ')'
   28     | . expr '=' expr
   29     | . expr '+' expr
   30     | . expr '-' expr
   31     | . expr "+=" expr
   32     | . expr "-=" expr
   32     | expr "-=" . expr
   33     | . expr "||" expr
   34     | . expr "&&" expr
   35     | . expr "==" expr
   36     | . expr "!=" expr
   37     | . expr "!=" expr
   38     | . '&' expr
   39     | . '*' expr
   40     | . '-' expr
   41     | . '!' expr
   42     | . "++" expr
   43     | . "--" expr
   44     | . expr "++"
   45     | . expr "--"
   46     | . expr '?' expr ':' expr

    IDENTIFIER   shift, and go to state 14
    NUMCONST     shift, and go to state 15
    STRINGCONST  shift, and go to state 16
    "++"         shift, and go to state 17
    "--"         shift, and go to state 18
    '('          shift, and go to state 19
    '-'          shift, and go to state 22
    '&'          shift, and go to state 23
    '*'          shift, and go to state 24
    '!'          shift, and go to state 25

    expr  go to state 73


State 55

   21 expr: . NUMCONST
   22     | . STRINGCONST
   23     | . IDENTIFIER
   24     | . '(' expr ')'
   25     | . expr '[' expr ']'
   26     | . expr '(' ')'
   26     | expr '(' . ')'
   27     | . expr '(' expr ')'
   27     | expr '(' . expr ')'
   28     | . expr '=' expr
   29     | . expr '+' expr
   30     | . expr '-' expr
   31     | . expr "+=" expr
   32     | . expr "-=" expr
   33     | . expr "||" expr
   34     | . expr "&&" expr
   35     | . expr "==" expr
   36     | . expr "!=" expr
   37     | . expr "!=" expr
   38     | . '&' expr
   39     | . '*' expr
   40     | . '-' expr
   41     | . '!' expr
   42     | . "++" expr
   43     | . "--" expr
   44     | . expr "++"
   45     | . expr "--"
   46     | . expr '?' expr ':' expr

    IDENTIFIER   shift, and go to state 14
    NUMCONST     shift, and go to state 15
    STRINGCONST  shift, and go to state 16
    "++"         shift, and go to state 17
    "--"         shift, and go to state 18
    '('          shift, and go to state 19
    ')'          shift, and go to state 74
    '-'          shift, and go to state 22
    '&'          shift, and go to state 23
    '*'          shift, and go to state 24
    '!'          shift, and go to state 25

    expr  go to state 75


State 56

   13 stmt: expr ';' .

    $default  reduce using rule 13 (stmt)


State 57

   21 expr: . NUMCONST
   22     | . STRINGCONST
   23     | . IDENTIFIER
   24     | . '(' expr ')'
   25     | . expr '[' expr ']'
   26     | . expr '(' ')'
   27     | . expr '(' expr ')'
   28     | . expr '=' expr
   28     | expr '=' . expr
   29     | . expr '+' expr
   30     | . expr '-' expr
   31     | . expr "+=" expr
   32     | . expr "-=" expr
   33     | . expr "||" expr
   34     | . expr "&&" expr
   35     | . expr "==" expr
   36     | . expr "!=" expr
   37     | . expr "!=" expr
   38     | . '&' expr
   39     | . '*' expr
   40     | . '-' expr
   41     | . '!' expr
   42     | . "++" expr
   43     | . "--" expr
   44     | . expr "++"
   45     | . expr "--"
   46     | . expr '?' expr ':' expr

    IDENTIFIER   shift, and go to state 14
    NUMCONST     shift, and go to state 15
    STRINGCONST  shift, and go to state 16
    "++"         shift, and go to state 17
    "--"         shift, and go to state 18
    '('          shift, and go to state 19
    '-'          shift, and go to state 22
    '&'          shift, and go to state 23
    '*'          shift, and go to state 24
    '!'          shift, and go to state 25

    expr  go to state 76


State 58

   21 expr: . NUMCONST
   22     | . STRINGCONST
   23     | . IDENTIFIER
   24     | . '(' expr ')'
   25     | . expr '[' expr ']'
   25     | expr '[' . expr ']'
   26     | . expr '(' ')'
   27     | . expr '(' expr ')'
   28     | . expr '=' expr
   29     | . expr '+' expr
   30     | . expr '-' expr
   31     | . expr "+=" expr
   32     | . expr "-=" expr
   33     | . expr "||" expr
   34     | . expr "&&" expr
   35     | . expr "==" expr
   36     | . expr "!=" expr
   37     | . expr "!=" expr
   38     | . '&' expr
   39     | . '*' expr
   40     | . '-' expr
   41     | . '!' expr
   42     | . "++" expr
   43     | . "--" expr
   44     | . expr "++"
   45     | . expr "--"
   46     | . expr '?' expr ':' expr

    IDENTIFIER   shift, and go to state 14
    NUMCONST     shift, and go to state 15
    STRINGCONST  shift, and go to state 16
    "++"         shift, and go to state 17
    "--"         shift, and go to state 18
    '('          shift, and go to state 19
    '-'          shift, and go to state 22
    '&'          shift, and go to state 23
    '*'          shift, and go to state 24
    '!'          shift, and go to state 25

    expr  go to state 77


State 59

   21 expr: . NUMCONST
   22     | . STRINGCONST
   23     | . IDENTIFIER
   24     | . '(' expr ')'
   25     | . expr '[' expr ']'
   26     | . expr '(' ')'
   27     | . expr '(' expr ')'
   28     | . expr '=' expr
   29     | . expr '+' expr
   29     | expr '+' . expr
   30     | . expr '-' expr
   31     | . expr "+=" expr
   32     | . expr "-=" expr
   33     | . expr "||" expr
   34     | . expr "&&" expr
   35     | . expr "==" expr
   36     | . expr "!=" expr
   37     | . expr "!=" expr
   38     | . '&' expr
   39     | . '*' expr
   40     | . '-' expr
   41     | . '!' expr
   42     | . "++" expr
   43     | . "--" expr
   44     | . expr "++"
   45     | . expr "--"
   46     | . expr '?' expr ':' expr

    IDENTIFIER   shift, and go to state 14
    NUMCONST     shift, and go to state 15
    STRINGCONST  shift, and go to state 16
    "++"         shift, and go to state 17
    "--"         shift, and go to state 18
    '('          shift, and go to state 19
    '-'          shift, and go to state 22
    '&'          shift, and go to state 23
    '*'          shift, and go to state 24
    '!'          shift, and go to state 25

    expr  go to state 78


State 60

   21 expr: . NUMCONST
   22     | . STRINGCONST
   23     | . IDENTIFIER
   24     | . '(' expr ')'
   25     | . expr '[' expr ']'
   26     | . expr '(' ')'
   27     | . expr '(' expr ')'
   28     | . expr '=' expr
   29     | . expr '+' expr
   30     | . expr '-' expr
   30     | expr '-' . expr
   31     | . expr "+=" expr
   32     | . expr "-=" expr
   33     | . expr "||" expr
   34     | . expr "&&" expr
   35     | . expr "==" expr
   36     | . expr "!=" expr
   37     | . expr "!=" expr
   38     | . '&' expr
   39     | . '*' expr
   40     | . '-' expr
   41     | . '!' expr
   42     | . "++" expr
   43     | . "--" expr
   44     | . expr "++"
   45     | . expr "--"
   46     | . expr '?' expr ':' expr

    IDENTIFIER   shift, and go to state 14
    NUMCONST     shift, and go to state 15
    STRINGCONST  shift, and go to state 16
    "++"         shift, and go to state 17
    "--"         shift, and go to state 18
    '('          shift, and go to state 19
    '-'          shift, and go to state 22
    '&'          shift, and go to state 23
    '*'          shift, and go to state 24
    '!'          shift, and go to state 25

    expr  go to state 79


State 61

   21 expr: . NUMCONST
   22     | . STRINGCONST
   23     | . IDENTIFIER
   24     | . '(' expr ')'
   25     | . expr '[' expr ']'
   26     | . expr '(' ')'
   27     | . expr '(' expr ')'
   28     | . expr '=' expr
   29     | . expr '+' expr
   30     | . expr '-' expr
   31     | . expr "+=" expr
   32     | . expr "-=" expr
   33     | . expr "||" expr
   34     | . expr "&&" expr
   35     | . expr "==" expr
   36     | . expr "!=" expr
   37     | . expr "!=" expr
   38     | . '&' expr
   39     | . '*' expr
   40     | . '-' expr
   41     | . '!' expr
   42     | . "++" expr
   43     | . "--" expr
   44     | . expr "++"
   45     | . expr "--"
   46     | . expr '?' expr ':' expr
   46     | expr '?' . expr ':' expr

    IDENTIFIER   shift, and go to state 14
    NUMCONST     shift, and go to state 15
    STRINGCONST  shift, and go to state 16
    "++"         shift, and go to state 17
    "--"         shift, and go to state 18
    '('          shift, and go to state 19
    '-'          shift, and go to state 22
    '&'          shift, and go to state 23
    '*'          shift, and go to state 24
    '!'          shift, and go to state 25

    expr  go to state 80


State 62

   11 stmt: "return" expr ';' .

    $default  reduce using rule 11 (stmt)


State 63

   10 stmt: "while" '(' expr . ')' stmt
   25 expr: expr . '[' expr ']'
   26     | expr . '(' ')'
   27     | expr . '(' expr ')'
   28     | expr . '=' expr
   29     | expr . '+' expr
   30     | expr . '-' expr
   31     | expr . "+=" expr
   32     | expr . "-=" expr
   33     | expr . "||" expr
   34     | expr . "&&" expr
   35     | expr . "==" expr
   36     | expr . "!=" expr
   37     | expr . "!=" expr
   44     | expr . "++"
   45     | expr . "--"
   46     | expr . '?' expr ':' expr

    "||"  shift, and go to state 47
    "&&"  shift, and go to state 48
    "=="  shift, and go to state 49
    "!="  shift, and go to state 50
    "++"  shift, and go to state 51
    "--"  shift, and go to state 52
    "+="  shift, and go to state 53
    "-="  shift, and go to state 54
    '('   shift, and go to state 55
    ')'   shift, and go to state 81
    '='   shift, and go to state 57
    '['   shift, and go to state 58
    '+'   shift, and go to state 59
    '-'   shift, and go to state 60
    '?'   shift, and go to state 61


State 64

    9 stmt: "if" '(' expr . ')' stmt
   25 expr: expr . '[' expr ']'
   26     | expr . '(' ')'
   27     | expr . '(' expr ')'
   28     | expr . '=' expr
   29     | expr . '+' expr
   30     | expr . '-' expr
   31     | expr . "+=" expr
   32     | expr . "-=" expr
   33     | expr . "||" expr
   34     | expr . "&&" expr
   35     | expr . "==" expr
   36     | expr . "!=" expr
   37     | expr . "!=" expr
   44     | expr . "++"
   45     | expr . "--"
   46     | expr . '?' expr ':' expr

    "||"  shift, and go to state 47
    "&&"  shift, and go to state 48
    "=="  shift, and go to state 49
    "!="  shift, and go to state 50
    "++"  shift, and go to state 51
    "--"  shift, and go to state 52
    "+="  shift, and go to state 53
    "-="  shift, and go to state 54
    '('   shift, and go to state 55
    ')'   shift, and go to state 82
    '='   shift, and go to state 57
    '['   shift, and go to state 58
    '+'   shift, and go to state 59
    '-'   shift, and go to state 60
    '?'   shift, and go to state 61


State 65

   19 var_def1: IDENTIFIER '=' . expr
   21 expr: . NUMCONST
   22     | . STRINGCONST
   23     | . IDENTIFIER
   24     | . '(' expr ')'
   25     | . expr '[' expr ']'
   26     | . expr '(' ')'
   27     | . expr '(' expr ')'
   28     | . expr '=' expr
   29     | . expr '+' expr
   30     | . expr '-' expr
   31     | . expr "+=" expr
   32     | . expr "-=" expr
   33     | . expr "||" expr
   34     | . expr "&&" expr
   35     | . expr "==" expr
   36     | . expr "!=" expr
   37     | . expr "!=" expr
   38     | . '&' expr
   39     | . '*' expr
   40     | . '-' expr
   41     | . '!' expr
   42     | . "++" expr
   43     | . "--" expr
   44     | . expr "++"
   45     | . expr "--"
   46     | . expr '?' expr ':' expr

    IDENTIFIER   shift, and go to state 14
    NUMCONST     shift, and go to state 15
    STRINGCONST  shift, and go to state 16
    "++"         shift, and go to state 17
    "--"         shift, and go to state 18
    '('          shift, and go to state 19
    '-'          shift, and go to state 22
    '&'          shift, and go to state 23
    '*'          shift, and go to state 24
    '!'          shift, and go to state 25

    expr  go to state 83


State 66

   24 expr: '(' expr ')' .

    $default  reduce using rule 24 (expr)


State 67

   18 var_defs: var_defs ',' var_def1 .

    $default  reduce using rule 18 (var_defs)


State 68

   25 expr: expr . '[' expr ']'
   26     | expr . '(' ')'
   27     | expr . '(' expr ')'
   28     | expr . '=' expr
   29     | expr . '+' expr
   30     | expr . '-' expr
   31     | expr . "+=" expr
   32     | expr . "-=" expr
   33     | expr . "||" expr
   33     | expr "||" expr .  ["||", "&&", "==", "!=", "++", "--", "+=", "-=", ':', ',', '(', ')', ';', '=', '[', ']', '+', '-', '?']
   34     | expr . "&&" expr
   35     | expr . "==" expr
   36     | expr . "!=" expr
   37     | expr . "!=" expr
   44     | expr . "++"
   45     | expr . "--"
   46     | expr . '?' expr ':' expr

    "||"  shift, and go to state 47
    "&&"  shift, and go to state 48
    "=="  shift, and go to state 49
    "!="  shift, and go to state 50
    "++"  shift, and go to state 51
    "--"  shift, and go to state 52
    "+="  shift, and go to state 53
    "-="  shift, and go to state 54
    '('   shift, and go to state 55
    '='   shift, and go to state 57
    '['   shift, and go to state 58
    '+'   shift, and go to state 59
    '-'   shift, and go to state 60
    '?'   shift, and go to state 61

    "||"      [reduce using rule 33 (expr)]
    "&&"      [reduce using rule 33 (expr)]
    "=="      [reduce using rule 33 (expr)]
    "!="      [reduce using rule 33 (expr)]
    "++"      [reduce using rule 33 (expr)]
    "--"      [reduce using rule 33 (expr)]
    "+="      [reduce using rule 33 (expr)]
    "-="      [reduce using rule 33 (expr)]
    '('       [reduce using rule 33 (expr)]
    '='       [reduce using rule 33 (expr)]
    '['       [reduce using rule 33 (expr)]
    '+'       [reduce using rule 33 (expr)]
    '-'       [reduce using rule 33 (expr)]
    '?'       [reduce using rule 33 (expr)]
    $default  reduce using rule 33 (expr)


State 69

   25 expr: expr . '[' expr ']'
   26     | expr . '(' ')'
   27     | expr . '(' expr ')'
   28     | expr . '=' expr
   29     | expr . '+' expr
   30     | expr . '-' expr
   31     | expr . "+=" expr
   32     | expr . "-=" expr
   33     | expr . "||" expr
   34     | expr . "&&" expr
   34     | expr "&&" expr .  ["||", "&&", "==", "!=", "++", "--", "+=", "-=", ':', ',', '(', ')', ';', '=', '[', ']', '+', '-', '?']
   35     | expr . "==" expr
   36     | expr . "!=" expr
   37     | expr . "!=" expr
   44     | expr . "++"
   45     | expr . "--"
   46     | expr . '?' expr ':' expr

    "||"  shift, and go to state 47
    "&&"  shift, and go to state 48
    "=="  shift, and go to state 49
    "!="  shift, and go to state 50
    "++"  shift, and go to state 51
    "--"  shift, and go to state 52
    "+="  shift, and go to state 53
    "-="  shift, and go to state 54
    '('   shift, and go to state 55
    '='   shift, and go to state 57
    '['   shift, and go to state 58
    '+'   shift, and go to state 59
    '-'   shift, and go to state 60
    '?'   shift, and go to state 61

    "||"      [reduce using rule 34 (expr)]
    "&&"      [reduce using rule 34 (expr)]
    "=="      [reduce using rule 34 (expr)]
    "!="      [reduce using rule 34 (expr)]
    "++"      [reduce using rule 34 (expr)]
    "--"      [reduce using rule 34 (expr)]
    "+="      [reduce using rule 34 (expr)]
    "-="      [reduce using rule 34 (expr)]
    '('       [reduce using rule 34 (expr)]
    '='       [reduce using rule 34 (expr)]
    '['       [reduce using rule 34 (expr)]
    '+'       [reduce using rule 34 (expr)]
    '-'       [reduce using rule 34 (expr)]
    '?'       [reduce using rule 34 (expr)]
    $default  reduce using rule 34 (expr)


State 70

   25 expr: expr . '[' expr ']'
   26     | expr . '(' ')'
   27     | expr . '(' expr ')'
   28     | expr . '=' expr
   29     | expr . '+' expr
   30     | expr . '-' expr
   31     | expr . "+=" expr
   32     | expr . "-=" expr
   33     | expr . "||" expr
   34     | expr . "&&" expr
   35     | expr . "==" expr
   35     | expr "==" expr .  ["||", "&&", "==", "!=", "++", "--", "+=", "-=", ':', ',', '(', ')', ';', '=', '[', ']', '+', '-', '?']
   36     | expr . "!=" expr
   37     | expr . "!=" expr
   44     | expr . "++"
   45     | expr . "--"
   46     | expr . '?' expr ':' expr

    "||"  shift, and go to state 47
    "&&"  shift, and go to state 48
    "=="  shift, and go to state 49
    "!="  shift, and go to state 50
    "++"  shift, and go to state 51
    "--"  shift, and go to state 52
    "+="  shift, and go to state 53
    "-="  shift, and go to state 54
    '('   shift, and go to state 55
    '='   shift, and go to state 57
    '['   shift, and go to state 58
    '+'   shift, and go to state 59
    '-'   shift, and go to state 60
    '?'   shift, and go to state 61

    "||"      [reduce using rule 35 (expr)]
    "&&"      [reduce using rule 35 (expr)]
    "=="      [reduce using rule 35 (expr)]
    "!="      [reduce using rule 35 (expr)]
    "++"      [reduce using rule 35 (expr)]
    "--"      [reduce using rule 35 (expr)]
    "+="      [reduce using rule 35 (expr)]
    "-="      [reduce using rule 35 (expr)]
    '('       [reduce using rule 35 (expr)]
    '='       [reduce using rule 35 (expr)]
    '['       [reduce using rule 35 (expr)]
    '+'       [reduce using rule 35 (expr)]
    '-'       [reduce using rule 35 (expr)]
    '?'       [reduce using rule 35 (expr)]
    $default  reduce using rule 35 (expr)


State 71

   25 expr: expr . '[' expr ']'
   26     | expr . '(' ')'
   27     | expr . '(' expr ')'
   28     | expr . '=' expr
   29     | expr . '+' expr
   30     | expr . '-' expr
   31     | expr . "+=" expr
   32     | expr . "-=" expr
   33     | expr . "||" expr
   34     | expr . "&&" expr
   35     | expr . "==" expr
   36     | expr . "!=" expr
   36     | expr "!=" expr .  ["||", "&&", "==", "!=", "++", "--", "+=", "-=", ':', ',', '(', ')', ';', '=', '[', ']', '+', '-', '?']
   37     | expr . "!=" expr
   37     | expr "!=" expr .  ["||", "&&", "==", "!=", "++", "--", "+=", "-=", ':', ',', '(', ')', ';', '=', '[', ']', '+', '-', '?']
   44     | expr . "++"
   45     | expr . "--"
   46     | expr . '?' expr ':' expr

    "||"  shift, and go to state 47
    "&&"  shift, and go to state 48
    "=="  shift, and go to state 49
    "!="  shift, and go to state 50
    "++"  shift, and go to state 51
    "--"  shift, and go to state 52
    "+="  shift, and go to state 53
    "-="  shift, and go to state 54
    '('   shift, and go to state 55
    '='   shift, and go to state 57
    '['   shift, and go to state 58
    '+'   shift, and go to state 59
    '-'   shift, and go to state 60
    '?'   shift, and go to state 61

    "||"      [reduce using rule 36 (expr)]
    "||"      [reduce using rule 37 (expr)]
    "&&"      [reduce using rule 36 (expr)]
    "&&"      [reduce using rule 37 (expr)]
    "=="      [reduce using rule 36 (expr)]
    "=="      [reduce using rule 37 (expr)]
    "!="      [reduce using rule 36 (expr)]
    "!="      [reduce using rule 37 (expr)]
    "++"      [reduce using rule 36 (expr)]
    "++"      [reduce using rule 37 (expr)]
    "--"      [reduce using rule 36 (expr)]
    "--"      [reduce using rule 37 (expr)]
    "+="      [reduce using rule 36 (expr)]
    "+="      [reduce using rule 37 (expr)]
    "-="      [reduce using rule 36 (expr)]
    "-="      [reduce using rule 37 (expr)]
    ':'       reduce using rule 36 (expr)
    ':'       [reduce using rule 37 (expr)]
    ','       reduce using rule 36 (expr)
    ','       [reduce using rule 37 (expr)]
    '('       [reduce using rule 36 (expr)]
    '('       [reduce using rule 37 (expr)]
    ')'       reduce using rule 36 (expr)
    ')'       [reduce using rule 37 (expr)]
    ';'       reduce using rule 36 (expr)
    ';'       [reduce using rule 37 (expr)]
    '='       [reduce using rule 36 (expr)]
    '='       [reduce using rule 37 (expr)]
    '['       [reduce using rule 36 (expr)]
    '['       [reduce using rule 37 (expr)]
    ']'       reduce using rule 36 (expr)
    ']'       [reduce using rule 37 (expr)]
    '+'       [reduce using rule 36 (expr)]
    '+'       [reduce using rule 37 (expr)]
    '-'       [reduce using rule 36 (expr)]
    '-'       [reduce using rule 37 (expr)]
    '?'       [reduce using rule 36 (expr)]
    '?'       [reduce using rule 37 (expr)]
    $default  reduce using rule 36 (expr)


State 72

   25 expr: expr . '[' expr ']'
   26     | expr . '(' ')'
   27     | expr . '(' expr ')'
   28     | expr . '=' expr
   29     | expr . '+' expr
   30     | expr . '-' expr
   31     | expr . "+=" expr
   31     | expr "+=" expr .  ["||", "&&", "==", "!=", "++", "--", "+=", "-=", ':', ',', '(', ')', ';', '=', '[', ']', '+', '-', '?']
   32     | expr . "-=" expr
   33     | expr . "||" expr
   34     | expr . "&&" expr
   35     | expr . "==" expr
   36     | expr . "!=" expr
   37     | expr . "!=" expr
   44     | expr . "++"
   45     | expr . "--"
   46     | expr . '?' expr ':' expr

    "||"  shift, and go to state 47
    "&&"  shift, and go to state 48
    "=="  shift, and go to state 49
    "!="  shift, and go to state 50
    "++"  shift, and go to state 51
    "--"  shift, and go to state 52
    "+="  shift, and go to state 53
    "-="  shift, and go to state 54
    '('   shift, and go to state 55
    '='   shift, and go to state 57
    '['   shift, and go to state 58
    '+'   shift, and go to state 59
    '-'   shift, and go to state 60
    '?'   shift, and go to state 61

    "||"      [reduce using rule 31 (expr)]
    "&&"      [reduce using rule 31 (expr)]
    "=="      [reduce using rule 31 (expr)]
    "!="      [reduce using rule 31 (expr)]
    "++"      [reduce using rule 31 (expr)]
    "--"      [reduce using rule 31 (expr)]
    "+="      [reduce using rule 31 (expr)]
    "-="      [reduce using rule 31 (expr)]
    '('       [reduce using rule 31 (expr)]
    '='       [reduce using rule 31 (expr)]
    '['       [reduce using rule 31 (expr)]
    '+'       [reduce using rule 31 (expr)]
    '-'       [reduce using rule 31 (expr)]
    '?'       [reduce using rule 31 (expr)]
    $default  reduce using rule 31 (expr)


State 73

   25 expr: expr . '[' expr ']'
   26     | expr . '(' ')'
   27     | expr . '(' expr ')'
   28     | expr . '=' expr
   29     | expr . '+' expr
   30     | expr . '-' expr
   31     | expr . "+=" expr
   32     | expr . "-=" expr
   32     | expr "-=" expr .  ["||", "&&", "==", "!=", "++", "--", "+=", "-=", ':', ',', '(', ')', ';', '=', '[', ']', '+', '-', '?']
   33     | expr . "||" expr
   34     | expr . "&&" expr
   35     | expr . "==" expr
   36     | expr . "!=" expr
   37     | expr . "!=" expr
   44     | expr . "++"
   45     | expr . "--"
   46     | expr . '?' expr ':' expr

    "||"  shift, and go to state 47
    "&&"  shift, and go to state 48
    "=="  shift, and go to state 49
    "!="  shift, and go to state 50
    "++"  shift, and go to state 51
    "--"  shift, and go to state 52
    "+="  shift, and go to state 53
    "-="  shift, and go to state 54
    '('   shift, and go to state 55
    '='   shift, and go to state 57
    '['   shift, and go to state 58
    '+'   shift, and go to state 59
    '-'   shift, and go to state 60
    '?'   shift, and go to state 61

    "||"      [reduce using rule 32 (expr)]
    "&&"      [reduce using rule 32 (expr)]
    "=="      [reduce using rule 32 (expr)]
    "!="      [reduce using rule 32 (expr)]
    "++"      [reduce using rule 32 (expr)]
    "--"      [reduce using rule 32 (expr)]
    "+="      [reduce using rule 32 (expr)]
    "-="      [reduce using rule 32 (expr)]
    '('       [reduce using rule 32 (expr)]
    '='       [reduce using rule 32 (expr)]
    '['       [reduce using rule 32 (expr)]
    '+'       [reduce using rule 32 (expr)]
    '-'       [reduce using rule 32 (expr)]
    '?'       [reduce using rule 32 (expr)]
    $default  reduce using rule 32 (expr)


State 74

   26 expr: expr '(' ')' .

    $default  reduce using rule 26 (expr)


State 75

   25 expr: expr . '[' expr ']'
   26     | expr . '(' ')'
   27     | expr . '(' expr ')'
   27     | expr '(' expr . ')'
   28     | expr . '=' expr
   29     | expr . '+' expr
   30     | expr . '-' expr
   31     | expr . "+=" expr
   32     | expr . "-=" expr
   33     | expr . "||" expr
   34     | expr . "&&" expr
   35     | expr . "==" expr
   36     | expr . "!=" expr
   37     | expr . "!=" expr
   44     | expr . "++"
   45     | expr . "--"
   46     | expr . '?' expr ':' expr

    "||"  shift, and go to state 47
    "&&"  shift, and go to state 48
    "=="  shift, and go to state 49
    "!="  shift, and go to state 50
    "++"  shift, and go to state 51
    "--"  shift, and go to state 52
    "+="  shift, and go to state 53
    "-="  shift, and go to state 54
    '('   shift, and go to state 55
    ')'   shift, and go to state 84
    '='   shift, and go to state 57
    '['   shift, and go to state 58
    '+'   shift, and go to state 59
    '-'   shift, and go to state 60
    '?'   shift, and go to state 61


State 76

   25 expr: expr . '[' expr ']'
   26     | expr . '(' ')'
   27     | expr . '(' expr ')'
   28     | expr . '=' expr
   28     | expr '=' expr .  ["||", "&&", "==", "!=", "++", "--", "+=", "-=", ':', ',', '(', ')', ';', '=', '[', ']', '+', '-', '?']
   29     | expr . '+' expr
   30     | expr . '-' expr
   31     | expr . "+=" expr
   32     | expr . "-=" expr
   33     | expr . "||" expr
   34     | expr . "&&" expr
   35     | expr . "==" expr
   36     | expr . "!=" expr
   37     | expr . "!=" expr
   44     | expr . "++"
   45     | expr . "--"
   46     | expr . '?' expr ':' expr

    "||"  shift, and go to state 47
    "&&"  shift, and go to state 48
    "=="  shift, and go to state 49
    "!="  shift, and go to state 50
    "++"  shift, and go to state 51
    "--"  shift, and go to state 52
    "+="  shift, and go to state 53
    "-="  shift, and go to state 54
    '('   shift, and go to state 55
    '='   shift, and go to state 57
    '['   shift, and go to state 58
    '+'   shift, and go to state 59
    '-'   shift, and go to state 60
    '?'   shift, and go to state 61

    "||"      [reduce using rule 28 (expr)]
    "&&"      [reduce using rule 28 (expr)]
    "=="      [reduce using rule 28 (expr)]
    "!="      [reduce using rule 28 (expr)]
    "++"      [reduce using rule 28 (expr)]
    "--"      [reduce using rule 28 (expr)]
    "+="      [reduce using rule 28 (expr)]
    "-="      [reduce using rule 28 (expr)]
    '('       [reduce using rule 28 (expr)]
    '='       [reduce using rule 28 (expr)]
    '['       [reduce using rule 28 (expr)]
    '+'       [reduce using rule 28 (expr)]
    '-'       [reduce using rule 28 (expr)]
    '?'       [reduce using rule 28 (expr)]
    $default  reduce using rule 28 (expr)


State 77

   25 expr: expr . '[' expr ']'
   25     | expr '[' expr . ']'
   26     | expr . '(' ')'
   27     | expr . '(' expr ')'
   28     | expr . '=' expr
   29     | expr . '+' expr
   30     | expr . '-' expr
   31     | expr . "+=" expr
   32     | expr . "-=" expr
   33     | expr . "||" expr
   34     | expr . "&&" expr
   35     | expr . "==" expr
   36     | expr . "!=" expr
   37     | expr . "!=" expr
   44     | expr . "++"
   45     | expr . "--"
   46     | expr . '?' expr ':' expr

    "||"  shift, and go to state 47
    "&&"  shift, and go to state 48
    "=="  shift, and go to state 49
    "!="  shift, and go to state 50
    "++"  shift, and go to state 51
    "--"  shift, and go to state 52
    "+="  shift, and go to state 53
    "-="  shift, and go to state 54
    '('   shift, and go to state 55
    '='   shift, and go to state 57
    '['   shift, and go to state 58
    ']'   shift, and go to state 85
    '+'   shift, and go to state 59
    '-'   shift, and go to state 60
    '?'   shift, and go to state 61


State 78

   25 expr: expr . '[' expr ']'
   26     | expr . '(' ')'
   27     | expr . '(' expr ')'
   28     | expr . '=' expr
   29     | expr . '+' expr
   29     | expr '+' expr .  ["||", "&&", "==", "!=", "++", "--", "+=", "-=", ':', ',', '(', ')', ';', '=', '[', ']', '+', '-', '?']
   30     | expr . '-' expr
   31     | expr . "+=" expr
   32     | expr . "-=" expr
   33     | expr . "||" expr
   34     | expr . "&&" expr
   35     | expr . "==" expr
   36     | expr . "!=" expr
   37     | expr . "!=" expr
   44     | expr . "++"
   45     | expr . "--"
   46     | expr . '?' expr ':' expr

    "||"  shift, and go to state 47
    "&&"  shift, and go to state 48
    "=="  shift, and go to state 49
    "!="  shift, and go to state 50
    "++"  shift, and go to state 51
    "--"  shift, and go to state 52
    "+="  shift, and go to state 53
    "-="  shift, and go to state 54
    '('   shift, and go to state 55
    '='   shift, and go to state 57
    '['   shift, and go to state 58
    '+'   shift, and go to state 59
    '-'   shift, and go to state 60
    '?'   shift, and go to state 61

    "||"      [reduce using rule 29 (expr)]
    "&&"      [reduce using rule 29 (expr)]
    "=="      [reduce using rule 29 (expr)]
    "!="      [reduce using rule 29 (expr)]
    "++"      [reduce using rule 29 (expr)]
    "--"      [reduce using rule 29 (expr)]
    "+="      [reduce using rule 29 (expr)]
    "-="      [reduce using rule 29 (expr)]
    '('       [reduce using rule 29 (expr)]
    '='       [reduce using rule 29 (expr)]
    '['       [reduce using rule 29 (expr)]
    '+'       [reduce using rule 29 (expr)]
    '-'       [reduce using rule 29 (expr)]
    '?'       [reduce using rule 29 (expr)]
    $default  reduce using rule 29 (expr)


State 79

   25 expr: expr . '[' expr ']'
   26     | expr . '(' ')'
   27     | expr . '(' expr ')'
   28     | expr . '=' expr
   29     | expr . '+' expr
   30     | expr . '-' expr
   30     | expr '-' expr .  ["||", "&&", "==", "!=", "++", "--", "+=", "-=", ':', ',', '(', ')', ';', '=', '[', ']', '+', '-', '?']
   31     | expr . "+=" expr
   32     | expr . "-=" expr
   33     | expr . "||" expr
   34     | expr . "&&" expr
   35     | expr . "==" expr
   36     | expr . "!=" expr
   37     | expr . "!=" expr
   44     | expr . "++"
   45     | expr . "--"
   46     | expr . '?' expr ':' expr

    "||"  shift, and go to state 47
    "&&"  shift, and go to state 48
    "=="  shift, and go to state 49
    "!="  shift, and go to state 50
    "++"  shift, and go to state 51
    "--"  shift, and go to state 52
    "+="  shift, and go to state 53
    "-="  shift, and go to state 54
    '('   shift, and go to state 55
    '='   shift, and go to state 57
    '['   shift, and go to state 58
    '+'   shift, and go to state 59
    '-'   shift, and go to state 60
    '?'   shift, and go to state 61

    "||"      [reduce using rule 30 (expr)]
    "&&"      [reduce using rule 30 (expr)]
    "=="      [reduce using rule 30 (expr)]
    "!="      [reduce using rule 30 (expr)]
    "++"      [reduce using rule 30 (expr)]
    "--"      [reduce using rule 30 (expr)]
    "+="      [reduce using rule 30 (expr)]
    "-="      [reduce using rule 30 (expr)]
    '('       [reduce using rule 30 (expr)]
    '='       [reduce using rule 30 (expr)]
    '['       [reduce using rule 30 (expr)]
    '+'       [reduce using rule 30 (expr)]
    '-'       [reduce using rule 30 (expr)]
    '?'       [reduce using rule 30 (expr)]
    $default  reduce using rule 30 (expr)


State 80

   25 expr: expr . '[' expr ']'
   26     | expr . '(' ')'
   27     | expr . '(' expr ')'
   28     | expr . '=' expr
   29     | expr . '+' expr
   30     | expr . '-' expr
   31     | expr . "+=" expr
   32     | expr . "-=" expr
   33     | expr . "||" expr
   34     | expr . "&&" expr
   35     | expr . "==" expr
   36     | expr . "!=" expr
   37     | expr . "!=" expr
   44     | expr . "++"
   45     | expr . "--"
   46     | expr . '?' expr ':' expr
   46     | expr '?' expr . ':' expr

    "||"  shift, and go to state 47
    "&&"  shift, and go to state 48
    "=="  shift, and go to state 49
    "!="  shift, and go to state 50
    "++"  shift, and go to state 51
    "--"  shift, and go to state 52
    "+="  shift, and go to state 53
    "-="  shift, and go to state 54
    ':'   shift, and go to state 86
    '('   shift, and go to state 55
    '='   shift, and go to state 57
    '['   shift, and go to state 58
    '+'   shift, and go to state 59
    '-'   shift, and go to state 60
    '?'   shift, and go to state 61


State 81

    8 stmt: . com_stmt '}'
    9     | . "if" '(' expr ')' stmt
   10     | . "while" '(' expr ')' stmt
   10     | "while" '(' expr ')' . stmt
   11     | . "return" expr ';'
   12     | . var_defs ';'
   13     | . expr ';'
   14     | . ';'
   15 com_stmt: . '{'
   16         | . com_stmt stmt
   17 var_defs: . "var" var_def1
   18         | . var_defs ',' var_def1
   21 expr: . NUMCONST
   22     | . STRINGCONST
   23     | . IDENTIFIER
   24     | . '(' expr ')'
   25     | . expr '[' expr ']'
   26     | . expr '(' ')'
   27     | . expr '(' expr ')'
   28     | . expr '=' expr
   29     | . expr '+' expr
   30     | . expr '-' expr
   31     | . expr "+=" expr
   32     | . expr "-=" expr
   33     | . expr "||" expr
   34     | . expr "&&" expr
   35     | . expr "==" expr
   36     | . expr "!=" expr
   37     | . expr "!=" expr
   38     | . '&' expr
   39     | . '*' expr
   40     | . '-' expr
   41     | . '!' expr
   42     | . "++" expr
   43     | . "--" expr
   44     | . expr "++"
   45     | . expr "--"
   46     | . expr '?' expr ':' expr

    "return"     shift, and go to state 10
    "while"      shift, and go to state 11
    "if"         shift, and go to state 12
    "var"        shift, and go to state 13
    IDENTIFIER   shift, and go to state 14
    NUMCONST     shift, and go to state 15
    STRINGCONST  shift, and go to state 16
    "++"         shift, and go to state 17
    "--"         shift, and go to state 18
    '('          shift, and go to state 19
    ';'          shift, and go to state 20
    '{'          shift, and go to state 21
    '-'          shift, and go to state 22
    '&'          shift, and go to state 23
    '*'          shift, and go to state 24
    '!'          shift, and go to state 25

    stmt      go to state 87
    com_stmt  go to state 27
    var_defs  go to state 28
    expr      go to state 29


State 82

    8 stmt: . com_stmt '}'
    9     | . "if" '(' expr ')' stmt
    9     | "if" '(' expr ')' . stmt
   10     | . "while" '(' expr ')' stmt
   11     | . "return" expr ';'
   12     | . var_defs ';'
   13     | . expr ';'
   14     | . ';'
   15 com_stmt: . '{'
   16         | . com_stmt stmt
   17 var_defs: . "var" var_def1
   18         | . var_defs ',' var_def1
   21 expr: . NUMCONST
   22     | . STRINGCONST
   23     | . IDENTIFIER
   24     | . '(' expr ')'
   25     | . expr '[' expr ']'
   26     | . expr '(' ')'
   27     | . expr '(' expr ')'
   28     | . expr '=' expr
   29     | . expr '+' expr
   30     | . expr '-' expr
   31     | . expr "+=" expr
   32     | . expr "-=" expr
   33     | . expr "||" expr
   34     | . expr "&&" expr
   35     | . expr "==" expr
   36     | . expr "!=" expr
   37     | . expr "!=" expr
   38     | . '&' expr
   39     | . '*' expr
   40     | . '-' expr
   41     | . '!' expr
   42     | . "++" expr
   43     | . "--" expr
   44     | . expr "++"
   45     | . expr "--"
   46     | . expr '?' expr ':' expr

    "return"     shift, and go to state 10
    "while"      shift, and go to state 11
    "if"         shift, and go to state 12
    "var"        shift, and go to state 13
    IDENTIFIER   shift, and go to state 14
    NUMCONST     shift, and go to state 15
    STRINGCONST  shift, and go to state 16
    "++"         shift, and go to state 17
    "--"         shift, and go to state 18
    '('          shift, and go to state 19
    ';'          shift, and go to state 20
    '{'          shift, and go to state 21
    '-'          shift, and go to state 22
    '&'          shift, and go to state 23
    '*'          shift, and go to state 24
    '!'          shift, and go to state 25

    stmt      go to state 88
    com_stmt  go to state 27
    var_defs  go to state 28
    expr      go to state 29


State 83

   19 var_def1: IDENTIFIER '=' expr .  [',', ';']
   25 expr: expr . '[' expr ']'
   26     | expr . '(' ')'
   27     | expr . '(' expr ')'
   28     | expr . '=' expr
   29     | expr . '+' expr
   30     | expr . '-' expr
   31     | expr . "+=" expr
   32     | expr . "-=" expr
   33     | expr . "||" expr
   34     | expr . "&&" expr
   35     | expr . "==" expr
   36     | expr . "!=" expr
   37     | expr . "!=" expr
   44     | expr . "++"
   45     | expr . "--"
   46     | expr . '?' expr ':' expr

    "||"  shift, and go to state 47
    "&&"  shift, and go to state 48
    "=="  shift, and go to state 49
    "!="  shift, and go to state 50
    "++"  shift, and go to state 51
    "--"  shift, and go to state 52
    "+="  shift, and go to state 53
    "-="  shift, and go to state 54
    '('   shift, and go to state 55
    '='   shift, and go to state 57
    '['   shift, and go to state 58
    '+'   shift, and go to state 59
    '-'   shift, and go to state 60
    '?'   shift, and go to state 61

    $default  reduce using rule 19 (var_def1)


State 84

   27 expr: expr '(' expr ')' .

    $default  reduce using rule 27 (expr)


State 85

   25 expr: expr '[' expr ']' .

    $default  reduce using rule 25 (expr)


State 86

   21 expr: . NUMCONST
   22     | . STRINGCONST
   23     | . IDENTIFIER
   24     | . '(' expr ')'
   25     | . expr '[' expr ']'
   26     | . expr '(' ')'
   27     | . expr '(' expr ')'
   28     | . expr '=' expr
   29     | . expr '+' expr
   30     | . expr '-' expr
   31     | . expr "+=" expr
   32     | . expr "-=" expr
   33     | . expr "||" expr
   34     | . expr "&&" expr
   35     | . expr "==" expr
   36     | . expr "!=" expr
   37     | . expr "!=" expr
   38     | . '&' expr
   39     | . '*' expr
   40     | . '-' expr
   41     | . '!' expr
   42     | . "++" expr
   43     | . "--" expr
   44     | . expr "++"
   45     | . expr "--"
   46     | . expr '?' expr ':' expr
   46     | expr '?' expr ':' . expr

    IDENTIFIER   shift, and go to state 14
    NUMCONST     shift, and go to state 15
    STRINGCONST  shift, and go to state 16
    "++"         shift, and go to state 17
    "--"         shift, and go to state 18
    '('          shift, and go to state 19
    '-'          shift, and go to state 22
    '&'          shift, and go to state 23
    '*'          shift, and go to state 24
    '!'          shift, and go to state 25

    expr  go to state 89


State 87

   10 stmt: "while" '(' expr ')' stmt .

    $default  reduce using rule 10 (stmt)


State 88

    9 stmt: "if" '(' expr ')' stmt .

    $default  reduce using rule 9 (stmt)


State 89

   25 expr: expr . '[' expr ']'
   26     | expr . '(' ')'
   27     | expr . '(' expr ')'
   28     | expr . '=' expr
   29     | expr . '+' expr
   30     | expr . '-' expr
   31     | expr . "+=" expr
   32     | expr . "-=" expr
   33     | expr . "||" expr
   34     | expr . "&&" expr
   35     | expr . "==" expr
   36     | expr . "!=" expr
   37     | expr . "!=" expr
   44     | expr . "++"
   45     | expr . "--"
   46     | expr . '?' expr ':' expr
   46     | expr '?' expr ':' expr .  ["||", "&&", "==", "!=", "++", "--", "+=", "-=", ':', ',', '(', ')', ';', '=', '[', ']', '+', '-', '?']

    "||"  shift, and go to state 47
    "&&"  shift, and go to state 48
    "=="  shift, and go to state 49
    "!="  shift, and go to state 50
    "++"  shift, and go to state 51
    "--"  shift, and go to state 52
    "+="  shift, and go to state 53
    "-="  shift, and go to state 54
    '('   shift, and go to state 55
    '='   shift, and go to state 57
    '['   shift, and go to state 58
    '+'   shift, and go to state 59
    '-'   shift, and go to state 60
    '?'   shift, and go to state 61

    "||"      [reduce using rule 46 (expr)]
    "&&"      [reduce using rule 46 (expr)]
    "=="      [reduce using rule 46 (expr)]
    "!="      [reduce using rule 46 (expr)]
    "++"      [reduce using rule 46 (expr)]
    "--"      [reduce using rule 46 (expr)]
    "+="      [reduce using rule 46 (expr)]
    "-="      [reduce using rule 46 (expr)]
    '('       [reduce using rule 46 (expr)]
    '='       [reduce using rule 46 (expr)]
    '['       [reduce using rule 46 (expr)]
    '+'       [reduce using rule 46 (expr)]
    '-'       [reduce using rule 46 (expr)]
    '?'       [reduce using rule 46 (expr)]
    $default  reduce using rule 46 (expr)
